converged SCF energy = -75.348885504328
converged SCF energy = -75.348885504328
pre_time: 0.191 s 

============================================================
Molecule: C2
Basis: 631g
Geometry: C 0.0 0.0 -0.6248; C 0.0 0.0 0.6248
MPI Ranks: 2
============================================================
nelec: (6, 6), norb: 18, na: 18564, ndet: 344622096
max_space: 12, max_cycle: 100, in_cpu: 0, chunksize:256, ecore: 15.245182132778492
Davidson: rank=0 na_self=9282 mynp=172311048 blocks_dot=864
Davidson initialization complete for rank 0

Davidson iteration 0
Iteration 0: E=-90.594067631099648 FCI_E=-75.348885498321152
Iteration 0: dx_norm=6.935740e-01, dE=-9.059407e+01, conv=0, time=1.407s
  Step timing (ms): sigma_cal=1374.3, subspace_proj=5.2, subspace_diag=0.8, subspace_expans=26.8

Davidson iteration 1
Iteration 1: E=-90.635656591570225 FCI_E=-75.390474458791729
Iteration 1: dx_norm=6.107322e-01, dE=-4.158896e-02, conv=0, time=1.402s
  Step timing (ms): sigma_cal=1353.5, subspace_proj=6.8, subspace_diag=16.8, subspace_expans=25.0

Davidson iteration 2
Iteration 2: E=-90.796710625538992 FCI_E=-75.551528492760497
Iteration 2: dx_norm=3.885668e-01, dE=-1.610540e-01, conv=0, time=1.393s
  Step timing (ms): sigma_cal=1353.7, subspace_proj=8.5, subspace_diag=0.2, subspace_expans=31.0

Davidson iteration 3
Iteration 3: E=-90.850454817478408 FCI_E=-75.605272684699912
Iteration 3: dx_norm=2.198145e-01, dE=-5.374419e-02, conv=0, time=1.444s
  Step timing (ms): sigma_cal=1397.0, subspace_proj=10.2, subspace_diag=0.2, subspace_expans=36.8

Davidson iteration 4
Iteration 4: E=-90.870458787463008 FCI_E=-75.625276654684512
Iteration 4: dx_norm=1.501436e-01, dE=-2.000397e-02, conv=0, time=1.529s
  Step timing (ms): sigma_cal=1474.3, subspace_proj=12.0, subspace_diag=0.2, subspace_expans=42.7

Davidson iteration 5
Iteration 5: E=-90.881815622547705 FCI_E=-75.636633489769210
Iteration 5: dx_norm=1.222563e-01, dE=-1.135684e-02, conv=0, time=1.543s
  Step timing (ms): sigma_cal=1480.5, subspace_proj=13.7, subspace_diag=0.2, subspace_expans=48.7

Davidson iteration 6
Iteration 6: E=-90.886912209020153 FCI_E=-75.641730076241657
Iteration 6: dx_norm=7.188654e-02, dE=-5.096586e-03, conv=0, time=1.547s
  Step timing (ms): sigma_cal=1476.2, subspace_proj=15.5, subspace_diag=0.2, subspace_expans=54.7

Davidson iteration 7
Iteration 7: E=-90.888219682767399 FCI_E=-75.643037549988904
Iteration 7: dx_norm=3.185242e-02, dE=-1.307474e-03, conv=0, time=1.547s
  Step timing (ms): sigma_cal=1468.5, subspace_proj=17.1, subspace_diag=0.2, subspace_expans=60.8

Davidson iteration 8
Iteration 8: E=-90.888471648345956 FCI_E=-75.643289515567460
Iteration 8: dx_norm=1.275963e-02, dE=-2.519656e-04, conv=0, time=1.566s
  Step timing (ms): sigma_cal=1479.8, subspace_proj=18.8, subspace_diag=0.7, subspace_expans=66.6

Davidson iteration 9
Iteration 9: E=-90.888513345397172 FCI_E=-75.643331212618676
Iteration 9: dx_norm=5.735310e-03, dE=-4.169705e-05, conv=0, time=1.569s
  Step timing (ms): sigma_cal=1475.8, subspace_proj=20.6, subspace_diag=0.3, subspace_expans=72.7

Davidson iteration 10
Iteration 10: E=-90.888522163440214 FCI_E=-75.643340030661719
Iteration 10: dx_norm=2.815985e-03, dE=-8.818043e-06, conv=0, time=1.576s
  Step timing (ms): sigma_cal=1474.6, subspace_proj=22.3, subspace_diag=0.2, subspace_expans=79.3

Davidson iteration 11
Iteration 11: E=-90.888524604037016 FCI_E=-75.643342471258521

Davidson iteration 12
reset state
Iteration 12: E=-90.888524604036974 FCI_E=-75.643342471258478
Iteration 12: dx_norm=1.523918e-03, dE=4.263256e-14, conv=0, time=0.024s
  Step timing (ms): sigma_cal=0.0, subspace_proj=5.2, subspace_diag=0.0, subspace_expans=19.1

Davidson iteration 13
Iteration 13: E=-90.888525228680081 FCI_E=-75.643343095901585
Iteration 13: dx_norm=8.253231e-04, dE=-6.246431e-07, conv=0, time=1.510s
  Step timing (ms): sigma_cal=1478.5, subspace_proj=6.8, subspace_diag=0.2, subspace_expans=24.8

Davidson iteration 14
Iteration 14: E=-90.888525652824001 FCI_E=-75.643343520045505
Iteration 14: dx_norm=8.203405e-04, dE=-4.241439e-07, conv=0, time=1.520s
  Step timing (ms): sigma_cal=1480.7, subspace_proj=8.6, subspace_diag=0.1, subspace_expans=30.7

Davidson iteration 15
Iteration 15: E=-90.888525843949125 FCI_E=-75.643343711170630
Iteration 15: dx_norm=4.590250e-04, dE=-1.911251e-07, conv=0, time=1.524s
  Step timing (ms): sigma_cal=1477.0, subspace_proj=10.2, subspace_diag=0.1, subspace_expans=36.7

Davidson iteration 16
Iteration 16: E=-90.888525900138802 FCI_E=-75.643343767360307
Iteration 16: dx_norm=2.205101e-04, dE=-5.618968e-08, conv=0, time=1.533s
  Step timing (ms): sigma_cal=1478.2, subspace_proj=12.0, subspace_diag=0.1, subspace_expans=42.7

Davidson iteration 17
Iteration 17: E=-90.888525911754584 FCI_E=-75.643343778976089
Iteration 17: dx_norm=1.360056e-04, dE=-1.161578e-08, conv=0, time=1.542s
  Step timing (ms): sigma_cal=1479.5, subspace_proj=13.7, subspace_diag=0.2, subspace_expans=48.6

Davidson iteration 18
Iteration 18: E=-90.888525916437814 FCI_E=-75.643343783659319
Iteration 18: dx_norm=6.698349e-05, dE=-4.683230e-09, conv=0, time=1.555s
  Step timing (ms): sigma_cal=1484.6, subspace_proj=15.4, subspace_diag=0.1, subspace_expans=54.8

Davidson iteration 19
Iteration 19: E=-90.888525917597477 FCI_E=-75.643343784818981
Iteration 19: dx_norm=3.076064e-05, dE=-1.159663e-09, conv=0, time=1.563s
  Step timing (ms): sigma_cal=1484.6, subspace_proj=17.1, subspace_diag=0.2, subspace_expans=60.8

Davidson iteration 20
Iteration 20: E=-90.888525917886383 FCI_E=-75.643343785107888
Iteration 20: dx_norm=1.621749e-05, dE=-2.889067e-10, conv=0, time=1.562s
  Step timing (ms): sigma_cal=1476.4, subspace_proj=18.9, subspace_diag=0.2, subspace_expans=66.7

Davidson iteration 21
Iteration 21: E=-90.888525917963989 FCI_E=-75.643343785185493
Vector is linearly dependent or converged
Davidson completed: total=31.935s
  sigma_calculation       : 30.602s (95.8%)
  subspace_projection     : 0.303s (0.9%)
  subspace_diagonalization: 0.000s (0.0%)
  subspace_expansion      : 0.067s (0.2%)
==================================================
FCI solver completed:
  Final energy: -75.643343785185493
  FCI time:   35.763 s
  Timing breakdown:
    MPI init + GPU alloc/copy:  3.165 s (8.8%)
    Other initialization:       0.652 s (1.8%)
    Davidson solver:            31.947 s (89.3%)
==================================================
E_fci: -75.643343785185493, nprocs: 2

Result saved to ./logs/C2_631g.json
 fci_result time: 35.876 s, others: 0.040 s

