converged SCF energy = -74.4216921604311
converged SCF energy = -74.4216921604311
pre_time: 0.172 s 

============================================================
Molecule: C2
Basis: sto3g
Geometry: C 0.0 0.0 -0.6248; C 0.0 0.0 0.6248
MPI Ranks: 2
============================================================
nelec: (6, 6), norb: 10, na: 210, ndet: 44100
max_space: 12, max_cycle: 100, in_cpu: 0, chunksize:256, ecore: 15.245182132778492
Davidson: rank=0 na_self=105 mynp=22050 blocks_dot=864
Davidson initialization complete for rank 0

Davidson iteration 0
Iteration 0: E=-89.666874288225173 FCI_E=-74.421692155446678
Iteration 0: dx_norm=5.942009e-01, dE=-8.966687e+01, conv=0, time=0.033s
  Step timing (ms): sigma_cal=23.0, subspace_proj=0.1, subspace_diag=0.6, subspace_expans=8.8

Davidson iteration 1
Iteration 1: E=-89.830028752985470 FCI_E=-74.584846620206974
Iteration 1: dx_norm=3.346700e-01, dE=-1.631545e-01, conv=0, time=0.018s
  Step timing (ms): sigma_cal=0.2, subspace_proj=0.1, subspace_diag=17.2, subspace_expans=0.6

Davidson iteration 2
Iteration 2: E=-89.900745663207118 FCI_E=-74.655563530428623
Iteration 2: dx_norm=1.810495e-01, dE=-7.071691e-02, conv=0, time=0.001s
  Step timing (ms): sigma_cal=0.2, subspace_proj=0.2, subspace_diag=0.1, subspace_expans=0.6

Davidson iteration 3
Iteration 3: E=-89.921155411140944 FCI_E=-74.675973278362449
Iteration 3: dx_norm=1.354174e-01, dE=-2.040975e-02, conv=0, time=0.001s
  Step timing (ms): sigma_cal=0.2, subspace_proj=0.2, subspace_diag=0.1, subspace_expans=0.6

Davidson iteration 4
Iteration 4: E=-89.930715161366280 FCI_E=-74.685533028587784
Iteration 4: dx_norm=8.997640e-02, dE=-9.559750e-03, conv=0, time=0.001s
  Step timing (ms): sigma_cal=0.2, subspace_proj=0.2, subspace_diag=0.1, subspace_expans=0.6

Davidson iteration 5
Iteration 5: E=-89.934935901067604 FCI_E=-74.689753768289108
Iteration 5: dx_norm=4.160471e-02, dE=-4.220740e-03, conv=0, time=0.001s
  Step timing (ms): sigma_cal=0.2, subspace_proj=0.3, subspace_diag=0.1, subspace_expans=0.7

Davidson iteration 6
Iteration 6: E=-89.935631154947401 FCI_E=-74.690449022168906
Iteration 6: dx_norm=1.488511e-02, dE=-6.952539e-04, conv=0, time=0.001s
  Step timing (ms): sigma_cal=0.2, subspace_proj=0.3, subspace_diag=0.1, subspace_expans=0.7

Davidson iteration 7
Iteration 7: E=-89.935719718663194 FCI_E=-74.690537585884698
Iteration 7: dx_norm=6.324789e-03, dE=-8.856372e-05, conv=0, time=0.001s
  Step timing (ms): sigma_cal=0.2, subspace_proj=0.4, subspace_diag=0.1, subspace_expans=0.8

Davidson iteration 8
Iteration 8: E=-89.935741390401375 FCI_E=-74.690559257622880
Iteration 8: dx_norm=3.684170e-03, dE=-2.167174e-05, conv=0, time=0.002s
  Step timing (ms): sigma_cal=0.2, subspace_proj=0.4, subspace_diag=0.5, subspace_expans=0.8

Davidson iteration 9
Iteration 9: E=-89.935749768735590 FCI_E=-74.690567635957095
Iteration 9: dx_norm=2.110025e-03, dE=-8.378334e-06, conv=0, time=0.002s
  Step timing (ms): sigma_cal=0.2, subspace_proj=0.5, subspace_diag=0.2, subspace_expans=0.9

Davidson iteration 10
Iteration 10: E=-89.935752147421326 FCI_E=-74.690570014642830
Iteration 10: dx_norm=9.832998e-04, dE=-2.378686e-06, conv=0, time=0.002s
  Step timing (ms): sigma_cal=0.2, subspace_proj=0.5, subspace_diag=0.2, subspace_expans=0.9

Davidson iteration 11
Iteration 11: E=-89.935752722799435 FCI_E=-74.690570590020940

Davidson iteration 12
reset state
Iteration 12: E=-89.935752722799521 FCI_E=-74.690570590021025
Iteration 12: dx_norm=4.951350e-04, dE=-8.526513e-14, conv=0, time=0.001s
  Step timing (ms): sigma_cal=0.0, subspace_proj=0.1, subspace_diag=0.0, subspace_expans=1.1

Davidson iteration 13
Iteration 13: E=-89.935752807571390 FCI_E=-74.690570674792895
Iteration 13: dx_norm=2.083186e-04, dE=-8.477187e-08, conv=0, time=0.001s
  Step timing (ms): sigma_cal=0.2, subspace_proj=0.1, subspace_diag=0.1, subspace_expans=0.7

Davidson iteration 14
Iteration 14: E=-89.935752831361171 FCI_E=-74.690570698582675
Iteration 14: dx_norm=1.532849e-04, dE=-2.378978e-08, conv=0, time=0.001s
  Step timing (ms): sigma_cal=0.2, subspace_proj=0.2, subspace_diag=0.1, subspace_expans=0.6

Davidson iteration 15
Iteration 15: E=-89.935752841114436 FCI_E=-74.690570708335940
Iteration 15: dx_norm=9.588782e-05, dE=-9.753265e-09, conv=0, time=0.001s
  Step timing (ms): sigma_cal=0.2, subspace_proj=0.2, subspace_diag=0.1, subspace_expans=0.6

Davidson iteration 16
Iteration 16: E=-89.935752844653990 FCI_E=-74.690570711875495
Iteration 16: dx_norm=3.834566e-05, dE=-3.539554e-09, conv=0, time=0.001s
  Step timing (ms): sigma_cal=0.1, subspace_proj=0.2, subspace_diag=0.1, subspace_expans=0.6

Davidson iteration 17
Iteration 17: E=-89.935752845424062 FCI_E=-74.690570712645567
Iteration 17: dx_norm=2.421859e-05, dE=-7.700720e-10, conv=0, time=0.001s
  Step timing (ms): sigma_cal=0.2, subspace_proj=0.3, subspace_diag=0.1, subspace_expans=0.7

Davidson iteration 18
Iteration 18: E=-89.935752845722234 FCI_E=-74.690570712943739
Iteration 18: dx_norm=1.532108e-05, dE=-2.981722e-10, conv=0, time=0.001s
  Step timing (ms): sigma_cal=0.2, subspace_proj=0.3, subspace_diag=0.1, subspace_expans=0.7

Davidson iteration 19
Iteration 19: E=-89.935752845828873 FCI_E=-74.690570713050377
Vector is linearly dependent or converged
Davidson completed: total=0.112s
  sigma_calculation       : 0.026s (23.2%)
  subspace_projection     : 0.005s (4.9%)
  subspace_diagonalization: 0.000s (0.1%)
  subspace_expansion      : 0.001s (0.7%)
==================================================
FCI solver completed:
  Final energy: -74.690570713050377
  FCI time:   3.348 s
  Timing breakdown:
    MPI init + GPU alloc/copy:  3.228 s (96.4%)
    Other initialization:       0.007 s (0.2%)
    Davidson solver:            0.113 s (3.4%)
==================================================
E_fci: -74.690570713050377, nprocs: 2

Result saved to ./logs/C2_sto3g.json
 fci_result time: 3.437 s, others: 0.001 s

